<?xml version="1.0" encoding="UTF-8"?>
<testsuite name="kr.domo.book.springboot.web.IndexControllerTest" tests="1" skipped="0" failures="0" errors="0" timestamp="2021-02-25T07:01:15" hostname="ODDY" time="0.271">
  <properties/>
  <testcase name="메인페이지_로딩()" classname="kr.domo.book.springboot.web.IndexControllerTest" time="0.271"/>
  <system-out><![CDATA[2021-02-25 16:01:13.778  INFO 4228 --- [    Test worker] .b.t.c.SpringBootTestContextBootstrapper : Neither @ContextConfiguration nor @ContextHierarchy found for test class [kr.domo.book.springboot.web.IndexControllerTest], using SpringBootContextLoader
2021-02-25 16:01:13.779  INFO 4228 --- [    Test worker] o.s.t.c.support.AbstractContextLoader    : Could not detect default resource locations for test class [kr.domo.book.springboot.web.IndexControllerTest]: no resource found for suffixes {-context.xml, Context.groovy}.
2021-02-25 16:01:13.779  INFO 4228 --- [    Test worker] t.c.s.AnnotationConfigContextLoaderUtils : Could not detect default configuration classes for test class [kr.domo.book.springboot.web.IndexControllerTest]: IndexControllerTest does not declare any static, non-private, non-final, nested classes annotated with @Configuration.
2021-02-25 16:01:13.782  INFO 4228 --- [    Test worker] .b.t.c.SpringBootTestContextBootstrapper : Found @SpringBootConfiguration kr.domo.book.springboot.Application for test class kr.domo.book.springboot.web.IndexControllerTest
2021-02-25 16:01:13.784  INFO 4228 --- [    Test worker] .b.t.c.SpringBootTestContextBootstrapper : Loaded default TestExecutionListener class names from location [META-INF/spring.factories]: [org.springframework.security.test.context.support.WithSecurityContextTestExecutionListener, org.springframework.security.test.context.support.ReactorContextTestExecutionListener, org.springframework.boot.test.autoconfigure.restdocs.RestDocsTestExecutionListener, org.springframework.boot.test.autoconfigure.web.client.MockRestServiceServerResetTestExecutionListener, org.springframework.boot.test.autoconfigure.web.servlet.MockMvcPrintOnlyOnFailureTestExecutionListener, org.springframework.boot.test.autoconfigure.web.servlet.WebDriverTestExecutionListener, org.springframework.boot.test.autoconfigure.webservices.client.MockWebServiceServerTestExecutionListener, org.springframework.boot.test.mock.mockito.MockitoTestExecutionListener, org.springframework.boot.test.mock.mockito.ResetMocksTestExecutionListener, org.springframework.test.context.web.ServletTestExecutionListener, org.springframework.test.context.support.DirtiesContextBeforeModesTestExecutionListener, org.springframework.test.context.support.DependencyInjectionTestExecutionListener, org.springframework.test.context.support.DirtiesContextTestExecutionListener, org.springframework.test.context.transaction.TransactionalTestExecutionListener, org.springframework.test.context.jdbc.SqlScriptsTestExecutionListener, org.springframework.test.context.event.EventPublishingTestExecutionListener]
2021-02-25 16:01:13.785  INFO 4228 --- [    Test worker] .b.t.c.SpringBootTestContextBootstrapper : Using TestExecutionListeners: [org.springframework.test.context.web.ServletTestExecutionListener@39edc6ca, org.springframework.test.context.support.DirtiesContextBeforeModesTestExecutionListener@2ce078e7, org.springframework.boot.test.mock.mockito.MockitoTestExecutionListener@20196bf2, org.springframework.boot.test.autoconfigure.SpringBootDependencyInjectionTestExecutionListener@40c69b91, org.springframework.test.context.support.DirtiesContextTestExecutionListener@17caded5, org.springframework.test.context.transaction.TransactionalTestExecutionListener@38c2ab8b, org.springframework.test.context.jdbc.SqlScriptsTestExecutionListener@536f019a, org.springframework.security.test.context.support.WithSecurityContextTestExecutionListener@27010275, org.springframework.test.context.event.EventPublishingTestExecutionListener@66fc4c36, org.springframework.security.test.context.support.ReactorContextTestExecutionListener@4bcf3d91, org.springframework.boot.test.autoconfigure.restdocs.RestDocsTestExecutionListener@608786a3, org.springframework.boot.test.autoconfigure.web.client.MockRestServiceServerResetTestExecutionListener@4fba326c, org.springframework.boot.test.autoconfigure.web.servlet.MockMvcPrintOnlyOnFailureTestExecutionListener@4b235a51, org.springframework.boot.test.autoconfigure.web.servlet.WebDriverTestExecutionListener@7932c511, org.springframework.boot.test.autoconfigure.webservices.client.MockWebServiceServerTestExecutionListener@25dce60a, org.springframework.boot.test.mock.mockito.ResetMocksTestExecutionListener@3b6b998f]

  .   ____          _            __ _ _
 /\\ / ___'_ __ _ _(_)_ __  __ _ \ \ \ \
( ( )\___ | '_ | '_| | '_ \/ _` | \ \ \ \
 \\/  ___)| |_)| | | | | || (_| |  ) ) ) )
  '  |____| .__|_| |_|_| |_\__, | / / / /
 =========|_|==============|___/=/_/_/_/
 :: Spring Boot ::                (v2.4.1)

2021-02-25 16:01:13.818  INFO 4228 --- [    Test worker] k.d.b.s.web.IndexControllerTest          : Starting IndexControllerTest using Java 11.0.9 on Oddy with PID 4228 (started by edh10 in D:\EDH\git\aws-spring)
2021-02-25 16:01:13.819  INFO 4228 --- [    Test worker] k.d.b.s.web.IndexControllerTest          : No active profile set, falling back to default profiles: default
2021-02-25 16:01:14.031  INFO 4228 --- [    Test worker] .s.d.r.c.RepositoryConfigurationDelegate : Bootstrapping Spring Data JPA repositories in DEFAULT mode.
2021-02-25 16:01:14.047  INFO 4228 --- [    Test worker] .s.d.r.c.RepositoryConfigurationDelegate : Finished Spring Data repository scanning in 16 ms. Found 2 JPA repository interfaces.
2021-02-25 16:01:14.442  INFO 4228 --- [    Test worker] o.s.b.w.embedded.tomcat.TomcatWebServer  : Tomcat initialized with port(s): 0 (http)
2021-02-25 16:01:14.460  INFO 4228 --- [    Test worker] o.apache.catalina.core.StandardService   : Starting service [Tomcat]
2021-02-25 16:01:14.460  INFO 4228 --- [    Test worker] org.apache.catalina.core.StandardEngine  : Starting Servlet engine: [Apache Tomcat/9.0.41]
2021-02-25 16:01:14.666  INFO 4228 --- [    Test worker] o.a.c.c.C.[Tomcat].[localhost].[/]       : Initializing Spring embedded WebApplicationContext
2021-02-25 16:01:14.667  INFO 4228 --- [    Test worker] w.s.c.ServletWebServerApplicationContext : Root WebApplicationContext: initialization completed in 843 ms
2021-02-25 16:01:14.710  INFO 4228 --- [    Test worker] com.zaxxer.hikari.HikariDataSource       : HikariPool-2 - Starting...
2021-02-25 16:01:14.713  INFO 4228 --- [    Test worker] com.zaxxer.hikari.HikariDataSource       : HikariPool-2 - Start completed.
2021-02-25 16:01:14.714  INFO 4228 --- [    Test worker] o.s.b.a.h2.H2ConsoleAutoConfiguration    : H2 console available at '/h2-console'. Database available at 'jdbc:h2:mem:testdb'
2021-02-25 16:01:14.849  INFO 4228 --- [    Test worker] o.hibernate.jpa.internal.util.LogHelper  : HHH000204: Processing PersistenceUnitInfo [name: default]
2021-02-25 16:01:14.859  INFO 4228 --- [    Test worker] org.hibernate.dialect.Dialect            : HHH000400: Using dialect: org.hibernate.dialect.MySQL57Dialect
Hibernate: drop table if exists posts
Hibernate: drop table if exists user
Hibernate: create table posts (id bigint not null auto_increment, created_date datetime(6), modified_date datetime(6), author varchar(255), content TEXT not null, title varchar(500) not null, primary key (id)) engine=InnoDB
Hibernate: create table user (id bigint not null auto_increment, created_date datetime(6), modified_date datetime(6), email varchar(255) not null, name varchar(255) not null, picture varchar(255) not null, role varchar(255) not null, primary key (id)) engine=InnoDB
2021-02-25 16:01:14.925  INFO 4228 --- [    Test worker] o.h.e.t.j.p.i.JtaPlatformInitiator       : HHH000490: Using JtaPlatform implementation: [org.hibernate.engine.transaction.jta.platform.internal.NoJtaPlatform]
2021-02-25 16:01:14.925  INFO 4228 --- [    Test worker] j.LocalContainerEntityManagerFactoryBean : Initialized JPA EntityManagerFactory for persistence unit 'default'
2021-02-25 16:01:15.180  WARN 4228 --- [    Test worker] JpaBaseConfiguration$JpaWebConfiguration : spring.jpa.open-in-view is enabled by default. Therefore, database queries may be performed during view rendering. Explicitly configure spring.jpa.open-in-view to disable this warning
2021-02-25 16:01:15.374  INFO 4228 --- [    Test worker] o.s.s.web.DefaultSecurityFilterChain     : Will secure any request with [org.springframework.security.web.context.request.async.WebAsyncManagerIntegrationFilter@f2605b6, org.springframework.security.web.context.SecurityContextPersistenceFilter@455cbc20, org.springframework.security.web.header.HeaderWriterFilter@1386777e, org.springframework.security.web.authentication.logout.LogoutFilter@5c5da085, org.springframework.security.oauth2.client.web.OAuth2AuthorizationRequestRedirectFilter@39b1a6f9, org.springframework.security.oauth2.client.web.OAuth2LoginAuthenticationFilter@48c627e5, org.springframework.security.web.authentication.ui.DefaultLoginPageGeneratingFilter@125fe79c, org.springframework.security.web.authentication.ui.DefaultLogoutPageGeneratingFilter@49c1fb90, org.springframework.security.web.savedrequest.RequestCacheAwareFilter@e2c0ba5, org.springframework.security.web.servletapi.SecurityContextHolderAwareRequestFilter@2eb1b099, org.springframework.security.web.authentication.AnonymousAuthenticationFilter@7df30a3f, org.springframework.security.web.session.SessionManagementFilter@1c1408c3, org.springframework.security.web.access.ExceptionTranslationFilter@3d9ed4aa, org.springframework.security.web.access.intercept.FilterSecurityInterceptor@6fd52e8c]
2021-02-25 16:01:15.511  INFO 4228 --- [    Test worker] o.s.s.concurrent.ThreadPoolTaskExecutor  : Initializing ExecutorService 'applicationTaskExecutor'
2021-02-25 16:01:15.542  INFO 4228 --- [    Test worker] o.s.b.a.w.s.WelcomePageHandlerMapping    : Adding welcome page template: index
2021-02-25 16:01:15.808  INFO 4228 --- [    Test worker] o.s.b.w.embedded.tomcat.TomcatWebServer  : Tomcat started on port(s): 49173 (http) with context path ''
2021-02-25 16:01:15.813  INFO 4228 --- [    Test worker] s.a.ScheduledAnnotationBeanPostProcessor : No TaskScheduler/ScheduledExecutorService bean found for scheduled processing
2021-02-25 16:01:15.815  INFO 4228 --- [    Test worker] k.d.b.s.web.IndexControllerTest          : Started IndexControllerTest in 2.027 seconds (JVM running for 11.772)
2021-02-25 16:01:15.956  INFO 4228 --- [o-auto-1-exec-1] o.a.c.c.C.[Tomcat].[localhost].[/]       : Initializing Spring DispatcherServlet 'dispatcherServlet'
2021-02-25 16:01:15.957  INFO 4228 --- [o-auto-1-exec-1] o.s.web.servlet.DispatcherServlet        : Initializing Servlet 'dispatcherServlet'
2021-02-25 16:01:15.958  INFO 4228 --- [o-auto-1-exec-1] o.s.web.servlet.DispatcherServlet        : Completed initialization in 1 ms
Hibernate: select posts0_.id as id1_0_, posts0_.created_date as created_2_0_, posts0_.modified_date as modified3_0_, posts0_.author as author4_0_, posts0_.content as content5_0_, posts0_.title as title6_0_ from posts posts0_ order by posts0_.id DESC
]]></system-out>
  <system-err><![CDATA[]]></system-err>
</testsuite>
